app/build/outputs/logs/manifest-merger-debug-report.txt
-- Merging decision tree log ---
manifest
ADDED from src/main/AndroidManifest.xml:2:1-122:12
	package
		ADDED from src/main/AndroidManifest.xml:3:5-27
		INJECTED from src/main/AndroidManifest.xml
		INJECTED from src/main/AndroidManifest.xml
	android:versionName
		ADDED from src/main/AndroidManifest.xml:5:5-32
		INJECTED from src/main/AndroidManifest.xml
		INJECTED from src/main/AndroidManifest.xml
	android:versionCode
		ADDED from src/main/AndroidManifest.xml:4:5-28
		INJECTED from src/main/AndroidManifest.xml
		INJECTED from src/main/AndroidManifest.xml
	xmlns:android
		ADDED from src/main/AndroidManifest.xml:2:11-69
uses-sdk
ADDED from src/main/AndroidManifest.xml:7:5-9:41
MERGED from [com.android.support:support-v4:23.0.0] AndroidManifest.xml:20:5-43
	android:targetSdkVersion
		ADDED from src/main/AndroidManifest.xml:9:9-38
		INJECTED from src/main/AndroidManifest.xml
		INJECTED from src/main/AndroidManifest.xml
	android:minSdkVersion
		ADDED from src/main/AndroidManifest.xml:8:9-34
		INJECTED from src/main/AndroidManifest.xml
		INJECTED from src/main/AndroidManifest.xml
uses-permission#android.permission.INTERNET
ADDED from src/main/AndroidManifest.xml:11:5-67
	android:name
		ADDED from src/main/AndroidManifest.xml:11:22-64
uses-permission#android.permission.ACCESS_NETWORK_STATE
ADDED from src/main/AndroidManifest.xml:12:5-79
	android:name
		ADDED from src/main/AndroidManifest.xml:12:22-76
uses-permission#android.permission.CHANGE_NETWORK_STATE
ADDED from src/main/AndroidManifest.xml:13:5-79
	android:name
		ADDED from src/main/AndroidManifest.xml:13:22-76
uses-permission#android.permission.WRITE_EXTERNAL_STORAGE
ADDED from src/main/AndroidManifest.xml:14:5-81
	android:name
		ADDED from src/main/AndroidManifest.xml:14:22-78
uses-permission#android.permission.READ_PHONE_STATE
ADDED from src/main/AndroidManifest.xml:15:5-75
	android:name
		ADDED from src/main/AndroidManifest.xml:15:22-72
uses-permission#android.permission.ACCESS_WIFI_STATE
ADDED from src/main/AndroidManifest.xml:16:5-76
	android:name
		ADDED from src/main/AndroidManifest.xml:16:22-73
uses-permission#org.simalliance.openmobileapi.SMARTCARD
ADDED from src/main/AndroidManifest.xml:18:5-79
	android:name
		ADDED from src/main/AndroidManifest.xml:18:22-76
uses-permission#android.permission.NFC
ADDED from src/main/AndroidManifest.xml:19:5-62
	android:name
		ADDED from src/main/AndroidManifest.xml:19:22-59
uses-feature#android.hardware.nfc.hce
ADDED from src/main/AndroidManifest.xml:20:5-61
	android:name
		ADDED from src/main/AndroidManifest.xml:20:19-58
uses-permission#android.permission.RECORD_AUDIO
ADDED from src/main/AndroidManifest.xml:22:5-71
	android:name
		ADDED from src/main/AndroidManifest.xml:22:22-68
uses-permission#android.permission.MODIFY_AUDIO_SETTINGS
ADDED from src/main/AndroidManifest.xml:23:5-80
	android:name
		ADDED from src/main/AndroidManifest.xml:23:22-77
application
ADDED from src/main/AndroidManifest.xml:25:5-120:19
MERGED from [com.android.support:support-v4:23.0.0] AndroidManifest.xml:22:5-20
	android:label
		ADDED from src/main/AndroidManifest.xml:28:9-41
	android:allowBackup
		ADDED from src/main/AndroidManifest.xml:26:9-35
	android:icon
		ADDED from src/main/AndroidManifest.xml:27:9-45
	android:theme
		ADDED from src/main/AndroidManifest.xml:29:9-40
activity#com.merchant.activity.MainActivity
ADDED from src/main/AndroidManifest.xml:30:9-40:20
	android:screenOrientation
		ADDED from src/main/AndroidManifest.xml:34:13-49
	android:label
		ADDED from src/main/AndroidManifest.xml:33:13-45
	android:configChanges
		ADDED from src/main/AndroidManifest.xml:32:13-63
	android:name
		ADDED from src/main/AndroidManifest.xml:31:13-62
intent-filter#android.intent.action.MAIN+android.intent.category.LAUNCHER
ADDED from src/main/AndroidManifest.xml:35:13-39:29
action#android.intent.action.MAIN
ADDED from src/main/AndroidManifest.xml:36:17-69
	android:name
		ADDED from src/main/AndroidManifest.xml:36:25-66
category#android.intent.category.LAUNCHER
ADDED from src/main/AndroidManifest.xml:38:17-77
	android:name
		ADDED from src/main/AndroidManifest.xml:38:27-74
activity#com.dinpay.plugin.activity.DinpayChannelActivity
ADDED from src/main/AndroidManifest.xml:41:5-45:48
	android:screenOrientation
		ADDED from src/main/AndroidManifest.xml:45:9-45
	android:configChanges
		ADDED from src/main/AndroidManifest.xml:43:9-59
	android:theme
		ADDED from src/main/AndroidManifest.xml:44:9-40
	android:name
		ADDED from src/main/AndroidManifest.xml:42:9-72
activity#com.merchant.activity.MerchantPayResultActivity
ADDED from src/main/AndroidManifest.xml:46:5-50:48
	android:screenOrientation
		ADDED from src/main/AndroidManifest.xml:50:9-45
	android:configChanges
		ADDED from src/main/AndroidManifest.xml:48:9-59
	android:theme
		ADDED from src/main/AndroidManifest.xml:49:9-40
	android:name
		ADDED from src/main/AndroidManifest.xml:47:9-71
activity#com.dinpay.plugin.activity.AgreeMentActivity
ADDED from src/main/AndroidManifest.xml:53:5-58:16
	android:screenOrientation
		ADDED from src/main/AndroidManifest.xml:57:9-45
	android:configChanges
		ADDED from src/main/AndroidManifest.xml:55:9-59
	android:theme
		ADDED from src/main/AndroidManifest.xml:56:9-40
	android:name
		ADDED from src/main/AndroidManifest.xml:54:9-68
activity#com.dinpay.plugin.activity.BindMobileActivity
ADDED from src/main/AndroidManifest.xml:59:5-64:16
	android:screenOrientation
		ADDED from src/main/AndroidManifest.xml:63:9-45
	android:configChanges
		ADDED from src/main/AndroidManifest.xml:61:9-59
	android:theme
		ADDED from src/main/AndroidManifest.xml:62:9-40
	android:name
		ADDED from src/main/AndroidManifest.xml:60:9-69
activity#com.dinpay.plugin.activity.DinpayPayActivity
ADDED from src/main/AndroidManifest.xml:65:5-71:16
	android:screenOrientation
		ADDED from src/main/AndroidManifest.xml:70:9-45
	android:launchMode
		ADDED from src/main/AndroidManifest.xml:69:9-38
	android:configChanges
		ADDED from src/main/AndroidManifest.xml:67:9-59
	android:theme
		ADDED from src/main/AndroidManifest.xml:68:9-40
	android:name
		ADDED from src/main/AndroidManifest.xml:66:9-68
activity#com.dinpay.plugin.activity.BankCardListActivity
ADDED from src/main/AndroidManifest.xml:72:5-78:16
	android:screenOrientation
		ADDED from src/main/AndroidManifest.xml:77:9-45
	android:launchMode
		ADDED from src/main/AndroidManifest.xml:76:9-38
	android:configChanges
		ADDED from src/main/AndroidManifest.xml:74:9-59
	android:theme
		ADDED from src/main/AndroidManifest.xml:75:9-40
	android:name
		ADDED from src/main/AndroidManifest.xml:73:9-71
activity#com.dinpay.plugin.activity.PayResultActivity
ADDED from src/main/AndroidManifest.xml:79:5-84:16
	android:screenOrientation
		ADDED from src/main/AndroidManifest.xml:83:9-45
	android:configChanges
		ADDED from src/main/AndroidManifest.xml:81:9-59
	android:theme
		ADDED from src/main/AndroidManifest.xml:82:9-40
	android:name
		ADDED from src/main/AndroidManifest.xml:80:9-68
activity#com.dinpay.plugin.activity.OrderMessageActivity
ADDED from src/main/AndroidManifest.xml:85:5-90:16
	android:screenOrientation
		ADDED from src/main/AndroidManifest.xml:89:9-45
	android:configChanges
		ADDED from src/main/AndroidManifest.xml:87:9-59
	android:theme
		ADDED from src/main/AndroidManifest.xml:88:9-40
	android:name
		ADDED from src/main/AndroidManifest.xml:86:9-71
activity#com.dinpay.plugin.activity.DinpayBaseActivity
ADDED from src/main/AndroidManifest.xml:91:5-96:16
	android:screenOrientation
		ADDED from src/main/AndroidManifest.xml:95:9-45
	android:configChanges
		ADDED from src/main/AndroidManifest.xml:93:9-59
	android:theme
		ADDED from src/main/AndroidManifest.xml:94:9-40
	android:name
		ADDED from src/main/AndroidManifest.xml:92:9-69
activity#com.dinpay.plugin.activity.BaseActivity
ADDED from src/main/AndroidManifest.xml:97:5-102:16
	android:screenOrientation
		ADDED from src/main/AndroidManifest.xml:101:9-45
	android:configChanges
		ADDED from src/main/AndroidManifest.xml:99:9-59
	android:theme
		ADDED from src/main/AndroidManifest.xml:100:9-40
	android:name
		ADDED from src/main/AndroidManifest.xml:98:9-63
activity#com.unionpay.uppay.PayActivity
ADDED from src/main/AndroidManifest.xml:105:5-113:54
	android:screenOrientation
		ADDED from src/main/AndroidManifest.xml:112:9-45
	android:label
		ADDED from src/main/AndroidManifest.xml:111:9-41
	android:excludeFromRecents
		ADDED from src/main/AndroidManifest.xml:108:9-42
	android:windowSoftInputMode
		ADDED from src/main/AndroidManifest.xml:113:9-51
	android:configChanges
		ADDED from src/main/AndroidManifest.xml:107:9-59
	android:theme
		ADDED from src/main/AndroidManifest.xml:109:9-40
	android:name
		ADDED from src/main/AndroidManifest.xml:106:9-54
activity#com.unionpay.uppay.PayActivityEx
ADDED from src/main/AndroidManifest.xml:114:5-119:54
	android:screenOrientation
		ADDED from src/main/AndroidManifest.xml:118:9-45
	android:excludeFromRecents
		ADDED from src/main/AndroidManifest.xml:117:9-42
	android:windowSoftInputMode
		ADDED from src/main/AndroidManifest.xml:119:9-51
	android:configChanges
		ADDED from src/main/AndroidManifest.xml:116:9-59
	android:name
		ADDED from src/main/AndroidManifest.xml:115:9-56